Loading 0x20' ( )...
Loading 0x21' (!)...
Loading 0x24' ($)...
Loading 0x25' (%)...
Loading 0x27' (')...
Loading 0x2b' (+)...
Loading 0x2c' (,)...
Loading 0x2d' (-)...
Loading 0x2e' (.)...
Loading 0x2f' (/)...
Loading 0x30' (0)...
Loading 0x31' (1)...
Loading 0x32' (2)...
Loading 0x33' (3)...
Loading 0x34' (4)...
Loading 0x35' (5)...
Loading 0x36' (6)...
Loading 0x37' (7)...
Loading 0x38' (8)...
Loading 0x39' (9)...
Loading 0x3a' (:)...
Loading 0x3b' (;)...
Loading 0x3d' (=)...
Loading 0x3f' (?)...
Loading 0x41' (A)...
Loading 0x42' (B)...
Loading 0x43' (C)...
Loading 0x44' (D)...
Loading 0x45' (E)...
Loading 0x46' (F)...
Loading 0x47' (G)...
Loading 0x48' (H)...
Loading 0x49' (I)...
Loading 0x4a' (J)...
Loading 0x4b' (K)...
Loading 0x4c' (L)...
Loading 0x4d' (M)...
Loading 0x4e' (N)...
Loading 0x4f' (O)...
Loading 0x50' (P)...
Loading 0x51' (Q)...
Loading 0x52' (R)...
Loading 0x53' (S)...
Loading 0x54' (T)...
Loading 0x55' (U)...
Loading 0x56' (V)...
Loading 0x57' (W)...
Loading 0x58' (X)...
Loading 0x59' (Y)...
Loading 0x5a' (Z)...
Loading 0x5b' ([)...
Loading 0x5c' (\)...
Loading 0x5d' (])...
Loading 0x61' (a)...
Loading 0x62' (b)...
Loading 0x63' (c)...
Loading 0x64' (d)...
Loading 0x65' (e)...
Loading 0x66' (f)...
Loading 0x67' (g)...
Loading 0x68' (h)...
Loading 0x69' (i)...
Loading 0x6a' (j)...
Loading 0x6b' (k)...
Loading 0x6c' (l)...
Loading 0x6d' (m)...
Loading 0x6e' (n)...
Loading 0x6f' (o)...
Loading 0x70' (p)...
Loading 0x71' (q)...
Loading 0x72' (r)...
Loading 0x73' (s)...
Loading 0x74' (t)...
Loading 0x75' (u)...
Loading 0x76' (v)...
Loading 0x77' (w)...
Loading 0x78' (x)...
Loading 0x79' (y)...
Loading 0x7a' (z)...
Loading 0x201c' (“)...
Loading 0x201d' (”)...
Loading 0x2018' (‘)...
Loading 0x2019' (’)...
Packing at 54 pixels.
Packed 83 rectangles out of 83 into a bin of size 512x512.
Bin occupancy: 76.479%.
Succesfully packed at 54 pixels.
Wrote Robotica.png.
Writing 20831 bytes of JSON data to Robotica.json
Successful. Exiting.
/Users/thibault/Workspace/dataviz/raindance/Resources/Fonts/Robotica.png
  /Users/thibault/Workspace/dataviz/raindance/Resources/Fonts/Robotica.png
/Users/thibault/Workspace/dataviz/raindance/Resources/Fonts/Existence-Light.png
  /Users/thibault/Workspace/dataviz/raindance/Resources/Fonts/Existence-Light.png
