Build started 8/21/2014 4:41:09 PM.
     1>Project "C:\Users\thibault\Downloads\freeglut-2.8.1.tar\freeglut-2.8.1\freeglut-2.8.1\VisualStudio\2012\freeglut.vcxproj" on node 2 (Build target(s)).
     1>ClCompile:
         C:\Program Files (x86)\Microsoft Visual Studio 12.0\VC\bin\CL.exe /c /I..\..\include /Zi /nologo /W3 /WX- /O2 /Ob2 /Oi /Oy- /GL /D NDEBUG /D WIN32 /D _WINDOWS /D _USRDLL /D FREEGLUT_EXPORTS /D _WINDLL /D _MBCS /Gm- /EHsc /MD /GS /Gy /fp:precise /Zc:wchar_t /Zc:forScope /Fo"build\Release\Win32_v120\\" /Fd"build\Release\Win32_v120\vc120.pdb" /Gd /TC /wd4996 /analyze- /errorReport:prompt ..\..\src\freeglut_callbacks.c ..\..\src\freeglut_cursor.c ..\..\src\freeglut_display.c ..\..\src\freeglut_ext.c ..\..\src\freeglut_font.c ..\..\src\freeglut_font_data.c ..\..\src\freeglut_gamemode.c ..\..\src\freeglut_geometry.c ..\..\src\freeglut_glutfont_definitions.c ..\..\src\freeglut_init.c ..\..\src\freeglut_input_devices.c ..\..\src\freeglut_joystick.c ..\..\src\freeglut_main.c ..\..\src\freeglut_menu.c ..\..\src\freeglut_misc.c ..\..\src\freeglut_overlay.c ..\..\src\freeglut_spaceball.c ..\..\src\freeglut_state.c ..\..\src\freeglut_stroke_mono_roman.c ..\..\src\freeglut_stroke_roman.c ..\..\src\freeglut_structure.c ..\..\src\freeglut_teapot.c ..\..\src\freeglut_videoresize.c ..\..\src\freeglut_window.c
         freeglut_callbacks.c
         freeglut_cursor.c
         freeglut_display.c
         freeglut_ext.c
         freeglut_font.c
         freeglut_font_data.c
         freeglut_gamemode.c
         freeglut_geometry.c
         freeglut_glutfont_definitions.c
         freeglut_init.c
         freeglut_input_devices.c
         freeglut_joystick.c
         freeglut_main.c
         freeglut_menu.c
         freeglut_misc.c
         freeglut_overlay.c
         freeglut_spaceball.c
         freeglut_state.c
         freeglut_stroke_mono_roman.c
         freeglut_stroke_roman.c
         Compiling...
         freeglut_structure.c
         freeglut_teapot.c
         freeglut_videoresize.c
         freeglut_window.c
         fgSetupPixelFormat(): there is still some work to do here!
       ResourceCompile:
         C:\Program Files (x86)\Windows Kits\8.1\bin\x86\rc.exe /D NDEBUG /l"0x0409" /nologo /fo"build\Release\Win32_v120\freeglut.res" ..\..\freeglut.rc 
       Link:
         C:\Program Files (x86)\Microsoft Visual Studio 12.0\VC\bin\link.exe /ERRORREPORT:PROMPT /OUT:"..\..\lib\x86\freeglut.dll" /INCREMENTAL:NO /NOLOGO kernel32.lib user32.lib gdi32.lib winspool.lib comdlg32.lib advapi32.lib shell32.lib ole32.lib oleaut32.lib uuid.lib odbc32.lib odbccp32.lib /DEF:"..\..\src\freeglutdll.def" /MANIFEST /MANIFESTUAC:"level='asInvoker' uiAccess='false'" /manifest:embed /PDB:"..\..\lib\x86\freeglut.pdb" /LTCG /TLBID:1 /DYNAMICBASE:NO /IMPLIB:"..\..\lib\x86\freeglut.lib" /MACHINE:X86 /SAFESEH /DLL build\Release\Win32_v120\freeglut.res
         build\Release\Win32_v120\freeglut_callbacks.obj
         build\Release\Win32_v120\freeglut_cursor.obj
         build\Release\Win32_v120\freeglut_display.obj
         build\Release\Win32_v120\freeglut_ext.obj
         build\Release\Win32_v120\freeglut_font.obj
         build\Release\Win32_v120\freeglut_font_data.obj
         build\Release\Win32_v120\freeglut_gamemode.obj
         build\Release\Win32_v120\freeglut_geometry.obj
         build\Release\Win32_v120\freeglut_glutfont_definitions.obj
         build\Release\Win32_v120\freeglut_init.obj
         build\Release\Win32_v120\freeglut_input_devices.obj
         build\Release\Win32_v120\freeglut_joystick.obj
         build\Release\Win32_v120\freeglut_main.obj
         build\Release\Win32_v120\freeglut_menu.obj
         build\Release\Win32_v120\freeglut_misc.obj
         build\Release\Win32_v120\freeglut_overlay.obj
         build\Release\Win32_v120\freeglut_spaceball.obj
         build\Release\Win32_v120\freeglut_state.obj
         build\Release\Win32_v120\freeglut_stroke_mono_roman.obj
         build\Release\Win32_v120\freeglut_stroke_roman.obj
         build\Release\Win32_v120\freeglut_structure.obj
         build\Release\Win32_v120\freeglut_teapot.obj
         build\Release\Win32_v120\freeglut_videoresize.obj
         build\Release\Win32_v120\freeglut_window.obj
            Creating library ..\..\lib\x86\freeglut.lib and object ..\..\lib\x86\freeglut.exp
         Generating code
         Finished generating code
         freeglut.vcxproj -> C:\Users\thibault\Downloads\freeglut-2.8.1.tar\freeglut-2.8.1\freeglut-2.8.1\VisualStudio\2012\..\..\lib\x86\freeglut.dll
     1>Done Building Project "C:\Users\thibault\Downloads\freeglut-2.8.1.tar\freeglut-2.8.1\freeglut-2.8.1\VisualStudio\2012\freeglut.vcxproj" (Build target(s)).

Build succeeded.

Time Elapsed 00:00:03.95
